[0.025s] Invoking command in '/home/luohaojie/ros2_ws/src/build/wpr_simulation2': CMAKE_PREFIX_PATH=${CMAKE_PREFIX_PATH}:/opt/ros/humble /usr/bin/cmake /home/luohaojie/ros2_ws/src/wpr_simulation2 -DCMAKE_INSTALL_PREFIX=/home/luohaojie/ros2_ws/src/install/wpr_simulation2
[0.039s] -- Found ament_cmake: 1.3.11 (/opt/ros/humble/share/ament_cmake/cmake)
[0.146s] -- Override CMake install command with custom implementation using symlinks instead of copying resources
[0.156s] -- Found gazebo_ros_pkgs: 3.9.0 (/opt/ros/humble/share/gazebo_ros_pkgs/cmake)
[0.157s] -- Found geometry_msgs: 4.2.4 (/opt/ros/humble/share/geometry_msgs/cmake)
[0.180s] -- Found rosidl_generator_c: 3.1.6 (/opt/ros/humble/share/rosidl_generator_c/cmake)
[0.182s] -- Found rosidl_adapter: 3.1.6 (/opt/ros/humble/share/rosidl_adapter/cmake)
[0.189s] -- Found rosidl_generator_cpp: 3.1.6 (/opt/ros/humble/share/rosidl_generator_cpp/cmake)
[0.199s] -- Using all available rosidl_typesupport_c: rosidl_typesupport_fastrtps_c;rosidl_typesupport_introspection_c
[0.208s] -- Using all available rosidl_typesupport_cpp: rosidl_typesupport_fastrtps_cpp;rosidl_typesupport_introspection_cpp
[0.248s] -- Found nav_msgs: 4.2.4 (/opt/ros/humble/share/nav_msgs/cmake)
[0.262s] -- Found rclcpp: 16.0.11 (/opt/ros/humble/share/rclcpp/cmake)
[0.292s] -- Found rmw_implementation_cmake: 6.1.2 (/opt/ros/humble/share/rmw_implementation_cmake/cmake)
[0.292s] -- Found rmw_fastrtps_cpp: 6.2.7 (/opt/ros/humble/share/rmw_fastrtps_cpp/cmake)
[0.375s] -- Using RMW implementation 'rmw_fastrtps_cpp' as default
[0.414s] -- Found rclpy: 3.3.15 (/opt/ros/humble/share/rclpy/cmake)
[0.415s] -- Found rclcpp_action: 16.0.11 (/opt/ros/humble/share/rclcpp_action/cmake)
[0.458s] -- Found sensor_msgs: 4.2.4 (/opt/ros/humble/share/sensor_msgs/cmake)
[0.466s] -- Found tf2_geometry_msgs: 0.25.12 (/opt/ros/humble/share/tf2_geometry_msgs/cmake)
[0.471s] -- Found eigen3_cmake_module: 0.1.1 (/opt/ros/humble/share/eigen3_cmake_module/cmake)
[0.472s] -- Ensuring Eigen3 include directory is part of orocos-kdl CMake target
[0.521s] -- Found nav2_msgs: 1.1.18 (/opt/ros/humble/share/nav2_msgs/cmake)
[0.551s] -- Found cv_bridge: 3.2.1 (/opt/ros/humble/share/cv_bridge/cmake)
[0.557s] -- Found image_transport: 3.1.10 (/opt/ros/humble/share/image_transport/cmake)
[0.573s] -- Found pcl_conversions: 2.4.5 (/opt/ros/humble/share/pcl_conversions/cmake)
[0.608s] -- Eigen found (include: /usr/include/eigen3, version: 3.4.0)
[0.637s] -- FLANN found (include: /usr/include, lib: /usr/lib/x86_64-linux-gnu/libflann_cpp.so)
[0.907s] -- OpenNI found (version: 1.5.4.0, include: /usr/include/ni, lib: /usr/lib/libOpenNI.so;libusb::libusb)
[0.913s] -- OpenNI2 found (version: 2.2.0.33, include: /usr/include/openni2, lib: /usr/lib/x86_64-linux-gnu/libOpenNI2.so;libusb::libusb)
[1.074s] -- Eigen found (include: /usr/include/eigen3, version: 3.4.0)
[1.080s] -- OpenNI found (version: 1.5.4.0, include: /usr/include/ni, lib: /usr/lib/libOpenNI.so;libusb::libusb)
[1.090s] -- OpenNI2 found (version: 2.2.0.33, include: /usr/include/openni2, lib: /usr/lib/x86_64-linux-gnu/libOpenNI2.so;libusb::libusb)
[1.224s] -- Found Qhull version 8.0.2
[1.349s] -- OpenNI found (version: 1.5.4.0, include: /usr/include/ni, lib: /usr/lib/libOpenNI.so;libusb::libusb)
[1.487s] -- Found pcl_ros: 2.4.5 (/opt/ros/humble/share/pcl_ros/cmake)
[1.496s] -- Found visualization_msgs: 4.2.4 (/opt/ros/humble/share/visualization_msgs/cmake)
[1.511s] -- Found rosidl_default_generators: 1.2.0 (/opt/ros/humble/share/rosidl_default_generators/cmake)
[1.753s] -- Found ament_cmake_ros: 0.10.0 (/opt/ros/humble/share/ament_cmake_ros/cmake)
[2.051s] -- Using all available rosidl_typesupport_c: rosidl_typesupport_fastrtps_c;rosidl_typesupport_introspection_c
[2.172s] -- Using all available rosidl_typesupport_cpp: rosidl_typesupport_fastrtps_cpp;rosidl_typesupport_introspection_cpp
[2.189s] -- Found python_cmake_module: 0.10.0 (/opt/ros/humble/share/python_cmake_module/cmake)
[2.206s] -- Using PYTHON_EXECUTABLE: /usr/bin/python3
[2.206s] -- Using PYTHON_INCLUDE_DIRS: /usr/include/python3.10
[2.207s] -- Using PYTHON_LIBRARIES: /usr/lib/x86_64-linux-gnu/libpython3.10.so
[2.275s] -- Found ament_lint_auto: 0.12.11 (/opt/ros/humble/share/ament_lint_auto/cmake)
[2.294s] -- Added test 'cppcheck' to perform static code analysis on C / C++ code
[2.297s] -- Configured cppcheck include dirs: /home/luohaojie/ros2_ws/src/wpr_simulation2/include
[2.297s] -- Configured cppcheck exclude dirs and/or files: 
[2.297s] -- Added test 'flake8' to check Python code syntax and style conventions
[2.299s] -- Added test 'lint_cmake' to check CMake code style
[2.300s] -- Added test 'pep257' to check Python code against some of the docstring style conventions in PEP 257
[2.304s] -- Added test 'uncrustify' to check C / C++ code style
[2.304s] -- Configured uncrustify additional arguments: 
[2.305s] -- Added test 'xmllint' to check XML markup files
[2.311s] -- Configuring done
[2.542s] -- Generating done
[2.625s] -- Build files have been written to: /home/luohaojie/ros2_ws/src/build/wpr_simulation2
[2.642s] Invoked command in '/home/luohaojie/ros2_ws/src/build/wpr_simulation2' returned '0': CMAKE_PREFIX_PATH=${CMAKE_PREFIX_PATH}:/opt/ros/humble /usr/bin/cmake /home/luohaojie/ros2_ws/src/wpr_simulation2 -DCMAKE_INSTALL_PREFIX=/home/luohaojie/ros2_ws/src/install/wpr_simulation2
[2.644s] Invoking command in '/home/luohaojie/ros2_ws/src/build/wpr_simulation2': CMAKE_PREFIX_PATH=${CMAKE_PREFIX_PATH}:/opt/ros/humble /usr/bin/cmake --build /home/luohaojie/ros2_ws/src/build/wpr_simulation2 -- -j2 -l2
[2.689s] [35m[1mConsolidate compiler generated dependencies of target wpr_simulation2__rosidl_generator_c[0m
[2.698s] [  1%] Built target wpr_simulation2__cpp
[2.698s] [  5%] Built target wpr_simulation2__rosidl_generator_c
[2.708s] [35m[1mConsolidate compiler generated dependencies of target wpb_home_mani_sim[0m
[2.719s] failed to create symbolic link '/home/luohaojie/ros2_ws/src/build/wpr_simulation2/ament_cmake_python/wpr_simulation2/wpr_simulation2' because existing path cannot be removed: Is a directory
[2.719s] gmake[2]: *** [CMakeFiles/ament_cmake_python_symlink_wpr_simulation2.dir/build.make:70ÔºöCMakeFiles/ament_cmake_python_symlink_wpr_simulation2] ÈîôËØØ 1
[2.719s] gmake[1]: *** [CMakeFiles/Makefile2:469ÔºöCMakeFiles/ament_cmake_python_symlink_wpr_simulation2.dir/all] ÈîôËØØ 2
[2.719s] gmake[1]: *** Ê≠£Âú®Á≠âÂæÖÊú™ÂÆåÊàêÁöÑ‰ªªÂä°....
[2.724s] [  6%] [32m[1mLinking CXX executable wpb_home_mani_sim[0m
[3.104s] [  7%] Built target wpb_home_mani_sim
[3.107s] gmake: *** [Makefile:146Ôºöall] ÈîôËØØ 2
[3.110s] Invoked command in '/home/luohaojie/ros2_ws/src/build/wpr_simulation2' returned '2': CMAKE_PREFIX_PATH=${CMAKE_PREFIX_PATH}:/opt/ros/humble /usr/bin/cmake --build /home/luohaojie/ros2_ws/src/build/wpr_simulation2 -- -j2 -l2
